{
  "RSpec": {
    "coverage": {
      "/Users/jpowers/Documents/Git Repos/cc-ruby-test-reporter-sandbox/lib/morezombie.rb": [
        1,
        null,
        1,
        0,
        null,
        null,
        null
      ],
      "/Users/jpowers/Documents/Git Repos/cc-ruby-test-reporter-sandbox/lib/zombie.rb": [
        1,
        1,
        null,
        1,
        2,
        null,
        null,
        1,
        0,
        null,
        null,
        1,
        0,
        null,
        null,
        1,
        0,
        null,
        null,
        1,
        0,
        null,
        null,
        1,
        0,
        null,
        null,
        1,
        0,
        null,
        null,
        null,
        1,
        1,
        null,
        1,
        1,
        null,
        null,
        1,
        0,
        null,
        null,
        1,
        0,
        null,
        null,
        1,
        0,
        null,
        null
      ]
    },
    "timestamp": 1425483140
  }
}
