{
  "RSpec": {
    "coverage": {
      "/Users/jpowers/Documents/Git Repos/cc-ruby-test-reporter-sandbox/lib/monkey.rb": [
        1,
        null,
        1,
        0,
        0,
        0,
        0,
        0,
        null,
        0,
        null,
        null,
        0,
        null,
        null,
        null,
        0,
        null,
        null,
        0,
        0,
        0,
        null,
        0,
        null,
        null,
        null
      ],
      "/Users/jpowers/Documents/Git Repos/cc-ruby-test-reporter-sandbox/lib/zombie10.rb": [
        1,
        1,
        null,
        1,
        1,
        null,
        null,
        1,
        0,
        null,
        null,
        1,
        0,
        null,
        null,
        1,
        0,
        null,
        null
      ],
      "/Users/jpowers/Documents/Git Repos/cc-ruby-test-reporter-sandbox/lib/zombie1.rb": [
        1,
        1,
        null,
        1,
        1,
        null,
        null,
        1,
        0,
        null,
        null,
        1,
        0,
        null,
        null,
        1,
        0,
        null,
        null
      ],
      "/Users/jpowers/Documents/Git Repos/cc-ruby-test-reporter-sandbox/lib/zombie2.rb": [
        1,
        1,
        null,
        1,
        1,
        null,
        null,
        1,
        0,
        null,
        null,
        1,
        0,
        null,
        null,
        1,
        0,
        null,
        null
      ],
      "/Users/jpowers/Documents/Git Repos/cc-ruby-test-reporter-sandbox/lib/zombie3.rb": [
        1,
        1,
        null,
        1,
        1,
        null,
        null,
        1,
        0,
        null,
        null,
        1,
        0,
        null,
        null,
        1,
        0,
        null,
        null
      ],
      "/Users/jpowers/Documents/Git Repos/cc-ruby-test-reporter-sandbox/lib/zombie4.rb": [
        1,
        1,
        null,
        1,
        1,
        null,
        null,
        1,
        0,
        null,
        null,
        1,
        0,
        null,
        null,
        1,
        0,
        null,
        null
      ],
      "/Users/jpowers/Documents/Git Repos/cc-ruby-test-reporter-sandbox/lib/zombie5.rb": [
        1,
        1,
        null,
        1,
        1,
        null,
        null,
        1,
        0,
        null,
        null,
        1,
        0,
        null,
        null,
        1,
        0,
        null,
        null
      ],
      "/Users/jpowers/Documents/Git Repos/cc-ruby-test-reporter-sandbox/lib/zombie6.rb": [
        1,
        1,
        null,
        1,
        1,
        null,
        null,
        1,
        0,
        null,
        null,
        1,
        0,
        null,
        null,
        1,
        0,
        null,
        null
      ],
      "/Users/jpowers/Documents/Git Repos/cc-ruby-test-reporter-sandbox/lib/zombie7.rb": [
        1,
        1,
        null,
        1,
        1,
        null,
        null,
        1,
        0,
        null,
        null,
        1,
        0,
        null,
        null,
        1,
        0,
        null,
        null
      ],
      "/Users/jpowers/Documents/Git Repos/cc-ruby-test-reporter-sandbox/lib/zombie8.rb": [
        1,
        1,
        null,
        1,
        1,
        null,
        null,
        1,
        0,
        null,
        null,
        1,
        0,
        null,
        null,
        1,
        0,
        null,
        null
      ],
      "/Users/jpowers/Documents/Git Repos/cc-ruby-test-reporter-sandbox/lib/zombie9.rb": [
        1,
        1,
        null,
        1,
        1,
        null,
        null,
        1,
        0,
        null,
        null,
        1,
        0,
        null,
        null,
        1,
        0,
        null,
        null
      ],
      "/Users/jpowers/Documents/Git Repos/cc-ruby-test-reporter-sandbox/lib/zombie.rb": [
        1,
        1,
        null,
        1,
        1,
        null,
        null,
        1,
        0,
        null,
        null,
        1,
        0,
        null,
        null,
        1,
        0,
        null,
        null
      ]
    },
    "timestamp": 1422765182
  }
}
